{"sessionId": "e5f12f", "timestamp": 1781509034461, "location": "main.py:middleware", "message": "API request handled", "data": {"path": "/parts", "status": 200, "method": "GET"}, "hypothesisId": "B", "runId": "pre-fix"}
{"sessionId": "e5f12f", "timestamp": 1781509034471, "location": "main.py:middleware", "message": "API request handled", "data": {"path": "/parts", "status": 200, "method": "GET"}, "hypothesisId": "B", "runId": "pre-fix"}
{"sessionId": "e5f12f", "timestamp": 1781509034483, "location": "main.py:middleware", "message": "API request handled", "data": {"path": "/parts", "status": 200, "method": "GET"}, "hypothesisId": "B", "runId": "pre-fix"}
{"sessionId": "e5f12f", "timestamp": 1781509034489, "location": "main.py:middleware", "message": "API request handled", "data": {"path": "/parts", "status": 200, "method": "GET"}, "hypothesisId": "B", "runId": "pre-fix"}
{"sessionId": "e5f12f", "timestamp": 1781509034494, "location": "main.py:middleware", "message": "API request handled", "data": {"path": "/parts", "status": 200, "method": "GET"}, "hypothesisId": "B", "runId": "pre-fix"}
{"sessionId": "e5f12f", "timestamp": 1781509034502, "location": "main.py:middleware", "message": "API request handled", "data": {"path": "/parts", "status": 200, "method": "GET"}, "hypothesisId": "B", "runId": "pre-fix"}
{"sessionId": "e5f12f", "timestamp": 1781509047971, "location": "main.py:middleware", "message": "API request handled", "data": {"path": "/parts", "status": 200, "method": "GET"}, "hypothesisId": "B", "runId": "pre-fix"}
{"sessionId": "e5f12f", "timestamp": 1781509048273, "location": "main.py:middleware", "message": "API request handled", "data": {"path": "/parts", "status": 200, "method": "GET"}, "hypothesisId": "B", "runId": "pre-fix"}
{"sessionId": "e5f12f", "timestamp": 1781509049810, "location": "main.py:middleware", "message": "API request handled", "data": {"path": "/parts", "status": 200, "method": "GET"}, "hypothesisId": "B", "runId": "pre-fix"}
{"sessionId": "e5f12f", "timestamp": 1781509050111, "location": "main.py:middleware", "message": "API request handled", "data": {"path": "/parts", "status": 200, "method": "GET"}, "hypothesisId": "B", "runId": "pre-fix"}
{"sessionId": "e5f12f", "timestamp": 1781509052035, "location": "main.py:middleware", "message": "API request handled", "data": {"path": "/parts", "status": 200, "method": "GET"}, "hypothesisId": "B", "runId": "pre-fix"}
{"sessionId": "e5f12f", "timestamp": 1781509052343, "location": "main.py:middleware", "message": "API request handled", "data": {"path": "/parts", "status": 200, "method": "GET"}, "hypothesisId": "B", "runId": "pre-fix"}
{"sessionId": "e5f12f", "timestamp": 1781509053871, "location": "main.py:middleware", "message": "API request handled", "data": {"path": "/parts", "status": 200, "method": "GET"}, "hypothesisId": "B", "runId": "pre-fix"}
{"sessionId": "e5f12f", "timestamp": 1781509054171, "location": "main.py:middleware", "message": "API request handled", "data": {"path": "/parts", "status": 200, "method": "GET"}, "hypothesisId": "B", "runId": "pre-fix"}
{"sessionId": "e5f12f", "timestamp": 1781509059071, "location": "main.py:middleware", "message": "API request handled", "data": {"path": "/circuits/predict", "status": 200, "method": "OPTIONS"}, "hypothesisId": "B", "runId": "pre-fix"}
{"sessionId": "e5f12f", "timestamp": 1781509059082, "location": "main.py:predict_circuit", "message": "predict succeeded", "data": {"part_count": 4, "has_svg": true, "aa_len": 9, "mode": "GBM-v1"}, "hypothesisId": "D", "runId": "pre-fix"}
{"sessionId": "e5f12f", "timestamp": 1781509059089, "location": "main.py:middleware", "message": "API request handled", "data": {"path": "/circuits/predict", "status": 200, "method": "POST"}, "hypothesisId": "B", "runId": "pre-fix"}
{"sessionId": "e5f12f", "timestamp": 1781509059101, "location": "main.py:middleware", "message": "API request handled", "data": {"path": "/circuits/dna-structure", "status": 200, "method": "OPTIONS"}, "hypothesisId": "B", "runId": "pre-fix"}
{"sessionId": "e5f12f", "timestamp": 1781509059109, "location": "main.py:middleware", "message": "API request handled", "data": {"path": "/circuits/dna-structure", "status": 200, "method": "OPTIONS"}, "hypothesisId": "B", "runId": "pre-fix"}
{"sessionId": "e5f12f", "timestamp": 1781509059121, "location": "main.py:middleware", "message": "API request handled", "data": {"path": "/circuits/dna-structure", "status": 200, "method": "POST"}, "hypothesisId": "B", "runId": "pre-fix"}
{"sessionId": "e5f12f", "timestamp": 1781509059122, "location": "main.py:middleware", "message": "API request handled", "data": {"path": "/circuits/dna-structure", "status": 200, "method": "POST"}, "hypothesisId": "B", "runId": "pre-fix"}
{"sessionId": "e5f12f", "timestamp": 1781509078681, "location": "main.py:middleware", "message": "API request handled", "data": {"path": "/recommend", "status": 200, "method": "OPTIONS"}, "hypothesisId": "B", "runId": "pre-fix"}
{"sessionId": "e5f12f", "timestamp": 1781509078701, "location": "main.py:middleware", "message": "API request handled", "data": {"path": "/recommend", "status": 200, "method": "POST"}, "hypothesisId": "B", "runId": "pre-fix"}
